Image: .\XMS\effects\com_sfx_flare1.tga size:128x128
Image: .\XMS\effects\com_sfx_flashball1.tga size:128x128
Image: .\XMS\effects\com_sfx_flashball2.tga size:128x128
Image: .\XMS\effects\com_sfx_flashring1.tga size:128x128
Image: .\XMS\effects\com_sfx_flashring2.tga size:128x128
Image: .\XMS\effects\com_sfx_smoke2.tga size:128x128
Image: .\XMS\effects\cor_sfx_planets.tga size:32x32
Image: .\XMS\effects\dirt.tga size:64x64
Image: .\XMS\effects\fx_snow.tga size:32x32
Image: .\XMS\effects\waterfoam1.tga size:128x128
Image: .\XMS\msh\4way_road.tga size:128x128
Image: .\XMS\msh\Arena1.tga size:128x128
Image: .\XMS\msh\arf_obj_arboretumBridge.tga size:128x128
Image: .\XMS\msh\ball_blue.tga size:128x128
Image: .\XMS\msh\ball_gold.tga size:128x128
Image: .\XMS\msh\ball_green.tga size:128x128
Image: .\XMS\msh\ball_purple.tga size:128x128
Image: .\XMS\msh\ball_red.tga size:128x128
Image: .\XMS\msh\base.tga size:128x128
Image: .\XMS\msh\beer.tga size:128x128
Image: .\XMS\msh\bench_spec.tga size:128x128
Image: .\XMS\msh\bes2_bldg_set05.tga size:128x128
Image: .\XMS\msh\black.tga size:128x128
Image: .\XMS\msh\black_hat.tga size:128x128
Image: .\XMS\msh\blanket.tga size:128x128
Image: .\XMS\msh\blue1.tga size:128x128
Image: .\XMS\msh\bluelightsabre.tga size:64x64
Image: .\XMS\msh\books.tga size:128x128
Image: .\XMS\msh\bridge.tga size:256x256
Image: .\XMS\msh\brown.tga size:64x64
Image: .\XMS\msh\cal_locker.tga size:128x128
Image: .\XMS\msh\cal_skelhead.tga size:128x128
Image: .\XMS\msh\cal_skelton.tga size:128x128
Image: .\XMS\msh\candycanelight.tga size:128x128
Image: .\XMS\msh\carrot_nose.tga size:128x128
Image: .\XMS\msh\cecker.tga size:128x128
Image: .\XMS\msh\checker1.tga size:64x64
Image: .\XMS\msh\chimney.tga size:128x128
Image: .\XMS\msh\chrom1.TGA size:128x128
Image: .\XMS\msh\cloth_01.tga size:128x128
Image: .\XMS\msh\coal_stones.tga size:128x128
Image: .\XMS\msh\console.tga size:256x256
Image: .\XMS\msh\cont1_spec.tga size:256x256
Image: .\XMS\msh\corduroy.tga size:64x64
Image: .\XMS\msh\counter.tga size:128x128
Image: .\XMS\msh\crate_01.tga size:128x128
Image: .\XMS\msh\Dangerstripe.tga size:256x256
Image: .\XMS\msh\Dantooine_ground01.tga size:256x256
Image: .\XMS\msh\dan_barrier.tga size:64x64
Image: .\XMS\msh\desk.tga size:256x256
Image: .\XMS\msh\door.tga size:128x128
Image: .\XMS\msh\door_c17.tga size:128x128
Image: .\XMS\msh\ed_imp01.tga size:128x128
Image: .\XMS\msh\ed_imp02.tga size:128x128
Image: .\XMS\msh\ed_imp05.tga size:128x128
Image: .\XMS\msh\end_bldg_treeshadow_01.tga size:64x64
Image: .\XMS\msh\end_leaf2.tga size:128x128
Image: .\XMS\msh\end_prop_leaftree_branch.tga size:128x128
Image: .\XMS\msh\end_prop_tree.tga size:128x128
Image: .\XMS\msh\end_prop_tree_2.tga size:128x128
Image: .\XMS\msh\end_prop_tree_2_lowrez.tga size:64x64
Image: .\XMS\msh\end_prop_tree_3.tga size:128x128
Image: .\XMS\msh\end_prop_tree_3_lowrez.tga size:64x64
Image: .\XMS\msh\end_prop_tree_base.tga size:128x128
Image: .\XMS\msh\end_prop_tree_base_lowrez.tga size:64x64
Image: .\XMS\msh\end_prop_tree_bundle_lowrez.tga size:128x64
Image: .\XMS\msh\end_prop_tree_combi01.tga size:256x128
Image: .\XMS\msh\end_prop_tree_detail.tga size:128x128
Image: .\XMS\msh\end_prop_tree_leaf.tga size:256x256
Image: .\XMS\msh\end_prop_tree_leaves.tga size:128x128
Image: .\XMS\msh\end_prop_tree_leaves_lowrez.tga size:64x64
Image: .\XMS\msh\end_prop_tree_lowrez.tga size:64x64
Image: .\XMS\msh\end_prop_tree_moss.tga size:128x128
Image: .\XMS\msh\end_tree_bark01.tga size:128x128
Image: .\XMS\msh\fireplace.tga size:128x128
Image: .\XMS\msh\Floor7.tga size:128x128
Image: .\XMS\msh\footlocker.tga size:128x128
Image: .\XMS\msh\foot_stuff.tga size:128x128
Image: .\XMS\msh\Frig.tga size:128x128
Image: .\XMS\msh\garage_door.tga size:128x128
Image: .\XMS\msh\glasswindow2.tga size:128x128
Image: .\XMS\msh\grayblur.tga size:64x64
Image: .\XMS\msh\graygrime.tga size:64x64
Image: .\XMS\msh\green.tga size:128x128
Image: .\XMS\msh\greenchair.tga size:128x128
Image: .\XMS\msh\greenlightsabre.tga size:64x64
Image: .\XMS\msh\green_shutter.tga size:128x128
Image: .\XMS\msh\grn.tga size:128x128
Image: .\XMS\msh\gt1_aquarium_glass.tga size:128x128
Image: .\XMS\msh\hoth_main_1.tga size:128x128
Image: .\XMS\msh\hoth_main_14.tga size:64x64
Image: .\XMS\msh\housA.tga size:256x256
Image: .\XMS\msh\housB.tga size:256x256
Image: .\XMS\msh\house.tga size:256x256
Image: .\XMS\msh\house2.tga size:256x256
Image: .\XMS\msh\houseA.tga size:256x256
Image: .\XMS\msh\imp08.tga size:256x256
Image: .\XMS\msh\kotor_cliff.tga size:256x256
Image: .\XMS\msh\KOTOR_coll1.tga size:256x256
Image: .\XMS\msh\KOTOR_coll2.tga size:256x256
Image: .\XMS\msh\KOTOR_coll3.tga size:256x256
Image: .\XMS\msh\kotor_interface.tga size:256x256
Image: .\XMS\msh\kotor_ruin_door.tga size:256x256
Image: .\XMS\msh\kotor_ruin_pillar1.tga size:256x256
Image: .\XMS\msh\KOTOR_starmap.tga size:256x256
Image: .\XMS\msh\KOTOR_starmap2.tga size:256x256
Image: .\XMS\msh\kotor_starmap_trans.tga size:256x256
Image: .\XMS\msh\lamp.tga size:64x64
Image: .\XMS\msh\landingpad1.tga size:256x256
Image: .\XMS\msh\leather_bound.tga size:64x64
Image: .\XMS\msh\litebase.tga size:64x64
Image: .\XMS\msh\lmp2.tga size:64x64
Image: .\XMS\msh\log_house_01.tga size:256x256
Image: .\XMS\msh\mat_equit.tga size:256x256
Image: .\XMS\msh\mat_estate.tga size:256x256
Image: .\XMS\msh\mat_tower.tga size:256x256
Image: .\XMS\msh\mat_vent.tga size:256x256
Image: .\XMS\msh\mat_windows.tga size:256x256
Image: .\XMS\msh\melp01.tga size:128x128
Image: .\XMS\msh\metal01.tga size:256x256
Image: .\XMS\msh\metal06.tga size:256x256
Image: .\XMS\msh\metal09.tga size:256x256
Image: .\XMS\msh\metal_fence.tga size:256x256
Image: .\XMS\msh\misc_wood_04.tga size:256x256
Image: .\XMS\msh\mushr.tga size:256x256
Image: .\XMS\msh\myg1_bldg_shield2.tga size:256x256
Image: .\XMS\msh\m_brickwall1.tga size:256x256
Image: .\XMS\msh\m_brickwall2.tga size:256x256
Image: .\XMS\msh\m_brickwall3.tga size:256x256
Image: .\XMS\msh\nab2_arch_lowrez.tga size:64x64
Image: .\XMS\msh\nab2_bldg_arch1.tga size:256x256
Image: .\XMS\msh\nab2_bldg_arch1_lowres.tga size:32x32
Image: .\XMS\msh\nab2_bldg_fence.tga size:128x128
Image: .\XMS\msh\nab2_bldg_wallight.tga size:128x128
Image: .\XMS\msh\nab2_prop_banner.tga size:128x128
Image: .\XMS\msh\nab2_prop_banner_lowrez.tga size:32x32
Image: .\XMS\msh\nab2_prop_bannr2.tga size:128x128
Image: .\XMS\msh\nab2_prop_bannr2_lowrez.tga size:32x32
Image: .\XMS\msh\nab2_prop_bench.tga size:256x256
Image: .\XMS\msh\nab2_prop_flowers.tga size:256x256
Image: .\XMS\msh\nab2_prop_fountain.tga size:128x128
Image: .\XMS\msh\nab2_prop_fountain2.tga size:128x128
Image: .\XMS\msh\nab2_prop_fountain2_lowrez.tga size:64x64
Image: .\XMS\msh\nab2_prop_fountain_water.tga size:128x128
Image: .\XMS\msh\nab2_prop_fountain_water_lowrez.tga size:64x64
Image: .\XMS\msh\nab2_prop_lampost1.tga size:128x128
Image: .\XMS\msh\NEL_carpet.tga size:256x256
Image: .\XMS\msh\NEL_fringe.tga size:128x128
Image: .\XMS\msh\new_weap_cal.tga size:256x256
Image: .\XMS\msh\ornament.tga size:128x128
Image: .\XMS\msh\Oxygentank.tga size:256x256
Image: .\XMS\msh\painting.tga size:128x128
Image: .\XMS\msh\painting1.tga size:128x128
Image: .\XMS\msh\Painting2.tga size:128x128
Image: .\XMS\msh\painting3.tga size:128x128
Image: .\XMS\msh\painting4.tga size:256x256
Image: .\XMS\msh\painting5.tga size:256x256
Image: .\XMS\msh\painting6.tga size:128x128
Image: .\XMS\msh\pillow.tga size:64x64
Image: .\XMS\msh\plank.tga size:128x128
Image: .\XMS\msh\porcilin.tga size:128x128
Image: .\XMS\msh\present_bow.tga size:128x128
Image: .\XMS\msh\present_main.tga size:128x128
Image: .\XMS\msh\present_ribbon1.tga size:128x128
Image: .\XMS\msh\present_ribbon2.tga size:128x128
Image: .\XMS\msh\pubble.tga size:128x128
Image: .\XMS\msh\Rakata_eye.tga size:256x256
Image: .\XMS\msh\Rakata_head.tga size:256x256
Image: .\XMS\msh\red.tga size:64x64
Image: .\XMS\msh\redlightsabre.tga size:64x64
Image: .\XMS\msh\red_hat.tga size:64x64
Image: .\XMS\msh\Rhn_basebrick_3.tga size:64x64
Image: .\XMS\msh\Rhn_basebrick_3_lowrez.tga size:64x64
Image: .\XMS\msh\Rhn_basebrick_4.tga size:64x64
Image: .\XMS\msh\Rhn_basebrick_4_lowrez.tga size:64x64
Image: .\XMS\msh\roof1.tga size:128x128
Image: .\XMS\msh\roof_01.tga size:64x64
Image: .\XMS\msh\roof_shakes2.tga size:128x64
Image: .\XMS\msh\Rug.tga size:128x128
Image: .\XMS\msh\R_turn.tga size:128x128
Image: .\XMS\msh\screen01.tga size:256x256
Image: .\XMS\msh\screen02.tga size:256x256
Image: .\XMS\msh\screen03.tga size:256x256
Image: .\XMS\msh\screen_xbox_logo.tga size:256x256
Image: .\XMS\msh\sheet02.tga size:256x256
Image: .\XMS\msh\sheet03.tga size:256x256
Image: .\XMS\msh\sid21house.tga size:214x122
Image: .\XMS\msh\side1house.tga size:214x122
Image: .\XMS\msh\siding.tga size:128x128
Image: .\XMS\msh\snow1.tga size:128x128
Image: .\XMS\msh\snow_body.tga size:128x64
Image: .\XMS\msh\Soda.tga size:256x256
Image: .\XMS\msh\staryellow.tga size:64x64
Image: .\XMS\msh\stone01.tga size:128x128
Image: .\XMS\msh\Stone2.tga size:128x128
Image: .\XMS\msh\stone_road.tga size:256x256
Image: .\XMS\msh\straight.tga size:128x128
Image: .\XMS\msh\straw_broom2.tga size:128x64
Image: .\XMS\msh\stuccowall.tga size:64x128
Image: .\XMS\msh\sword_metal.tga size:64x64
Image: .\XMS\msh\Tan4_bldg_front_deck03.tga size:128x128
Image: .\XMS\msh\tat1_bldg_moist_tank.tga size:256x256
Image: .\XMS\msh\tat1_bldg_moist_tank_lowrez.tga size:32x32
Image: .\XMS\msh\tat_prop_tuskencamp.tga size:128x128
Image: .\XMS\msh\TV.tga size:128x128
Image: .\XMS\msh\T_turn.tga size:128x128
Image: .\XMS\msh\violetlightsaber.tga size:64x64
Image: .\XMS\msh\Wall02.tga size:128x128
Image: .\XMS\msh\Wall05.tga size:128x128
Image: .\XMS\msh\Wall06.tga size:128x128
Image: .\XMS\msh\wall1.tga size:128x128
Image: .\XMS\msh\Wall14.tga size:64x64
Image: .\XMS\msh\Wall15.tga size:128x128
Image: .\XMS\msh\Wall16.tga size:128x128
Image: .\XMS\msh\wall17.tga size:128x128
Image: .\XMS\msh\Wall18.tga size:128x128
Image: .\XMS\msh\Wall19.tga size:128x128
Image: .\XMS\msh\wall2.tga size:256x256
Image: .\XMS\msh\Wall6.tga size:128x128
Image: .\XMS\msh\Wall7.tga size:128x128
Image: .\XMS\msh\WallE.tga size:256x256
Image: .\XMS\msh\WallH.tga size:64x64
Image: .\XMS\msh\WallJ.tga size:128x128
Image: .\XMS\msh\WallQ.tga size:128x128
Image: .\XMS\msh\wall_01.tga size:64x64
Image: .\XMS\msh\wall_02.tga size:128x128
Image: .\XMS\msh\wall_03.tga size:64x64
Image: .\XMS\msh\web2.tga size:128x128
Image: .\XMS\msh\windowsglass.tga size:256x256
Image: .\XMS\msh\wood01.tga size:128x128
Image: .\XMS\msh\wood02.tga size:64x64
Image: .\XMS\msh\wood03.tga size:128x128
Image: .\XMS\msh\Wood1.tga size:128x128
Image: .\XMS\msh\wood123.tga size:128x128
Image: .\XMS\msh\wood_05.tga size:128x128
Image: .\XMS\msh\wood_floor.tga size:256x128
Image: .\XMS\msh\wood_light.tga size:128x128
Image: .\XMS\msh\wood_planks.tga size:128x128
Image: .\XMS\msh\wood_planks2.tga size:128x128
Image: .\XMS\msh\wood_sticks.tga size:128x128
Image: .\XMS\msh\wood_sticks_end.tga size:128x128
Image: .\XMS\msh\xboxprop.tga size:128x128
Image: .\XMS\msh\xmastree.tga size:128x128
Image: .\XMS\msh\xms_giantsheetice.tga size:256x256
Image: .\XMS\msh\XMS_house_wall_01.tga size:256x256
Image: .\XMS\msh\XMS_house_wall_normal01.tga size:128x128
Image: .\XMS\msh\xms_sheet_of_ice.tga size:256x256
Image: .\XMS\msh\XMS_snow_wall_bottom_01.tga size:256x256
Image: .\XMS\msh\xms_snow_wall_top.tga size:128x128
Image: .\XMS\msh\yavin_prop_moss.tga size:128x128
Image: .\XMS\msh\yav_leaf.tga size:256x256
Image: .\XMS\msh\yav_leaf2.tga size:256x256
Image: .\XMS\msh\yav_prop_leaftree_branch.tga size:128x128
Image: .\XMS\msh\yav_prop_stump.tga size:128x128
Image: .\XMS\msh\yav_tree_bark01.tga size:128x128
Image: .\XMS\msh\yello.tga size:64x64
Image: .\XMS\world1\hoth_main_2.tga size:256x256
Image: .\XMS\world1\nab2_bump_1.tga size:256x256
Image: .\XMS\world1\sky_naboo2.tga size:128x128
Image: .\XMS\world1\sky_yav2.tga size:512x256
Image: .\XMS\world1\sky_yav2_trees.tga size:512x128
Image: .\XMS\world1\XMS.tga size:128x128
Image: .\XMS\world1\XMS_main_1.tga size:256x256
Image: .\XMS\world1\XMS_main_10.tga size:256x256
Image: .\XMS\world1\XMS_main_11.tga size:256x256
Image: .\XMS\world1\XMS_main_12.tga size:256x256
Image: .\XMS\world1\XMS_main_13.tga size:256x256
Image: .\XMS\world1\XMS_main_14.tga size:256x256
Image: .\XMS\world1\XMS_main_2.tga size:256x256
Image: .\XMS\world1\XMS_main_3.tga size:256x256
Image: .\XMS\world1\XMS_main_4.tga size:256x256
Image: .\XMS\world1\XMS_main_5.tga size:256x256
Image: .\XMS\world1\XMS_main_6.tga size:256x256
Image: .\XMS\world1\XMS_main_7.tga size:256x256
Image: .\XMS\world1\XMS_main_8.tga size:256x256
Image: .\XMS\world1\XMS_main_9.tga size:256x256
Image: .\XMS\world1\XMS_map.tga size:256x256
Image: .\XMS\world1\yav2.tga size:256x256
Image: .\XMS\world1\yav2_main_1.tga size:256x256
Image: .\XMS\world1\yav2_main_2.tga size:256x256
Image: .\XMS\world1\yav2_main_3.tga size:256x256
Image: .\XMS\world1\yav2_main_4.tga size:256x256
Image: .\XMS\world1\yav2_map.tga size:512x512
Image: .\XMS\world1\yav2_planet.tga size:256x256
Image: .\XMS\world1\yav_detail.tga size:128x128
Image: .\XMS\msh\Old_screens\screen01.tga size:256x256
Image: .\XMS\msh\Old_screens\screen02.tga size:256x256
Image: .\XMS\msh\Old_screens\screen03.tga size:256x256
Image: .\XMS\msh\PC\door_bump.tga size:256x256
Image: .\XMS\msh\PC\end_prop_tree_bump.tga size:256x256
Image: .\XMS\msh\PC\green_shutter_bump.tga size:256x256
Image: .\XMS\msh\PC\plank_bump.tga size:256x256
Image: .\XMS\msh\PC\Rhn_basebrick_3_bump.tga size:256x256
Image: .\XMS\msh\PC\Rhn_basebrick_4_bump.tga size:256x256
Image: .\XMS\msh\PC\roof_shakes2_bump.tga size:256x128
Image: .\XMS\msh\PC\siding_bump.tga size:256x256
Image: .\XMS\msh\PC\stone01_bump.tga size:256x256
Image: .\XMS\msh\PC\tat1_bldg_moist_tank_bump.tga size:256x256
Image: .\XMS\msh\PC\wood_floor_bump.tga size:256x128
Image: .\XMS\msh\PC\wood_planks2_bump.tga size:256x256
Image: .\XMS\msh\PC\wood_planks_bump.tga size:256x256
Image: .\XMS\msh\PC\yav_tree_bark01_bump.tga size:128x128
