Image: .\all\msh\A-wing.tga size:256x256
Image: .\all\msh\a-wing_icon.tga size:16x16
Image: .\all\msh\A-wing_lowrez.tga size:64x64
Image: .\all\msh\all_1st_cockpit_fx.tga size:64x64
Image: .\all\msh\all_1st_cockpit_tauntaun.tga size:256x256
Image: .\all\msh\all_1st_inf_bothan_spy_arms.tga size:128x128
Image: .\all\msh\all_1st_inf_bothan_spy_hands.tga size:128x128
Image: .\all\msh\all_1st_inf_combat_engineer_arms.tga size:128x128
Image: .\all\msh\all_1st_inf_combat_engineer_hands.tga size:128x128
Image: .\all\msh\all_1st_inf_han_solo_arms.tga size:64x128
Image: .\all\msh\all_1st_inf_leia_arms.tga size:64x128
Image: .\all\msh\all_1st_weap_inf_thermaldetonator.tga size:128x128
Image: .\all\msh\all_binoculars_icon.tga size:64x64
Image: .\all\msh\all_blaster_inf2.tga size:128x64
Image: .\all\msh\all_bowcaster_inf.tga size:128x64
Image: .\all\msh\all_bowcaster_inf_lowrez.tga size:128x64
Image: .\all\msh\all_cockpit_xwingwin.tga size:128x128
Image: .\all\msh\all_command_center01_lowrez.tga size:32x32
Image: .\all\msh\all_command_center02_lowrez.tga size:32x32
Image: .\all\msh\all_detonator_icon.tga size:64x64
Image: .\all\msh\all_fly_awing_windshield.tga size:128x128
Image: .\all\msh\all_fly_awing_windshield_lowrez.tga size:32x32
Image: .\all\msh\all_fly_correlian_dome.tga size:128x128
Image: .\all\msh\all_fly_kwing.tga size:128x128
Image: .\all\msh\all_fly_kwing_lowrez.tga size:32x32
Image: .\all\msh\all_fly_moncalamari.tga size:128x128
Image: .\all\msh\all_fly_snowspeeder_dome.tga size:128x128
Image: .\all\msh\all_fly_snowspeeder_windscreen.tga size:64x64
Image: .\all\msh\all_fly_speeder.tga size:128x128
Image: .\all\msh\all_fly_speeder_lowrez.tga size:32x32
Image: .\all\msh\all_fly_trooptrans_01.tga size:256x256
Image: .\all\msh\all_fly_trooptrans_02.tga size:256x256
Image: .\all\msh\all_fly_xwing.tga size:256x256
Image: .\all\msh\all_fly_xwing_lowrez.tga size:32x32
Image: .\all\msh\all_fly_ywing.tga size:256x256
Image: .\all\msh\all_fly_ywing_lowrez.tga size:32x32
Image: .\all\msh\all_fly_ywing_windscreen.tga size:64x64
Image: .\all\msh\all_hover_combatspeeder.tga size:256x256
Image: .\all\msh\all_hover_combatspeeder_lowrez.tga size:32x32
Image: .\all\msh\all_hover_combatspeeder_windshield.tga size:64x64
Image: .\all\msh\all_hover_rebel_attack_speeder_lowrez.tga size:32x32
Image: .\all\msh\all_hover_tank.tga size:256x256
Image: .\all\msh\all_inf_bothanspy.tga size:128x128
Image: .\all\msh\all_inf_chewbacca.tga size:128x128
Image: .\all\msh\all_inf_deathstarleia.tga size:256x256
Image: .\all\msh\all_inf_engineer.tga size:128x128
Image: .\all\msh\all_inf_jediluke.tga size:256x256
Image: .\all\msh\all_inf_markspersondesert.tga size:128x128
Image: .\all\msh\all_inf_markspersonjungle.tga size:128x128
Image: .\all\msh\all_inf_markspersonurban.tga size:256x256
Image: .\all\msh\all_inf_marksperson_face.tga size:64x64
Image: .\all\msh\all_inf_rebelpilot.tga size:256x256
Image: .\all\msh\all_inf_rebelpilotface.tga size:64x64
Image: .\all\msh\all_inf_soldierdesert.tga size:128x128
Image: .\all\msh\all_inf_soldierjungle.tga size:128x128
Image: .\all\msh\all_inf_soldierurban.tga size:256x256
Image: .\all\msh\all_inf_stormtrooperhansolo.tga size:256x256
Image: .\all\msh\all_inf_stormtrooperluke.tga size:256x256
Image: .\all\msh\all_inf_tantive4trooper.tga size:256x256
Image: .\all\msh\all_inf_tatooinehansolo.tga size:256x256
Image: .\all\msh\all_inf_tatooinelukeskywalker.tga size:256x256
Image: .\all\msh\all_inf_tatooinelukeskywalker_head.tga size:256x256
Image: .\all\msh\all_inf_vanguarddesert.tga size:128x128
Image: .\all\msh\all_inf_vanguardjungle.tga size:256x256
Image: .\all\msh\all_inf_vanguardurban.tga size:256x256
Image: .\all\msh\all_inf_vanguard_hoth.tga size:256x256
Image: .\all\msh\all_inf_wookie.tga size:128x128
Image: .\all\msh\all_inf_wookie_snow.tga size:128x128
Image: .\all\msh\all_lascannon_icon.tga size:32x32
Image: .\all\msh\all_launcher_inf.tga size:128x128
Image: .\all\msh\ALL_LA_AT.tga size:256x256
Image: .\all\msh\ALL_LA_AT_lowrez.tga size:32x32
Image: .\all\msh\all_medical_icon.tga size:32x32
Image: .\all\msh\all_medic_icon.tga size:32x32
Image: .\all\msh\all_pilot_icon.tga size:32x32
Image: .\all\msh\all_pistol_icon.tga size:32x32
Image: .\all\msh\all_prop_console_fx.tga size:64x64
Image: .\all\msh\all_prop_turretchair.tga size:128x128
Image: .\all\msh\all_rifle_icon.tga size:32x32
Image: .\all\msh\all_sapper_icon.tga size:32x32
Image: .\all\msh\all_soldier_icon.tga size:32x32
Image: .\all\msh\all_spy_icon.tga size:32x32
Image: .\all\msh\all_tank_icon.tga size:16x16
Image: .\all\msh\all_weap_inf_thermaldetonator.tga size:64x64
Image: .\all\msh\bluelightsabre.tga size:64x64
Image: .\all\msh\combatspeeder_icon.tga size:16x16
Image: .\all\msh\console_6.tga size:128x128
Image: .\all\msh\greenlightsabre.tga size:64x64
Image: .\all\msh\gunship_icon.tga size:16x16
Image: .\all\msh\helmet_envmap.tga size:256x192
Image: .\all\msh\hud_all_weap_defense_buff_icon.tga size:64x64
Image: .\all\msh\hud_poison.tga size:64x64
Image: .\all\msh\hud_rep_weap_defense_buff_icon.tga size:32x32
Image: .\all\msh\imp_inf_weap_lightsabre.tga size:64x64
Image: .\all\msh\luke_face01.tga size:128x128
Image: .\all\msh\rebel_face03_hair alpha.tga size:64x64
Image: .\all\msh\rep_hover_combatspeeder.tga size:256x256
Image: .\all\msh\rep_hover_combatspeeder_windshield.tga size:32x32
Image: .\all\msh\rep_k-wing.tga size:256x256
Image: .\all\msh\snowspeeder_icon.tga size:16x16
Image: .\all\msh\taun taun packs.tga size:128x128
Image: .\all\msh\tauntaun.tga size:256x256
Image: .\all\msh\tauntaun_kaadu_icon.tga size:16x16
Image: .\all\msh\wookieface02_snow.tga size:128x128
Image: .\all\msh\wookie_snow.tga size:256x256
Image: .\all\msh\x-wing_icon.tga size:16x16
Image: .\all\msh\y-wing_icon.tga size:16x16
Image: .\cis\effects\cis_inf_droideka_shield.tga size:128x128
Image: .\cis\effects\cis_sfx_metaljunk.tga size:64x64
Image: .\cis\effects\jetpack.tga size:64x64
Image: .\cis\msh\aat_icon.tga size:16x16
Image: .\cis\msh\all_launcher_inf.tga size:128x128
Image: .\cis\msh\all_weap_inf_launcher.tga size:128x64
Image: .\cis\msh\bluelightsabre.tga size:64x64
Image: .\cis\msh\cis_1st_cockpit_fx.tga size:128x128
Image: .\cis\msh\cis_1st_inf_jangofett_arms.tga size:128x128
Image: .\cis\msh\cis_1st_inf_jangofett_hands.tga size:128x128
Image: .\cis\msh\cis_1st_inf_magnaguard_arms.tga size:128x128
Image: .\cis\msh\cis_1st_inf_magnaguard_hands.tga size:128x128
Image: .\cis\msh\cis_1st_sbdroid_hands.tga size:128x128
Image: .\cis\msh\cis_1st_weap_inf_thermaldetonator.tga size:128x128
Image: .\cis\msh\cis_bdroid_icon.tga size:32x32
Image: .\cis\msh\cis_bhunter_icon.tga size:32x32
Image: .\cis\msh\cis_bldg_forwardcenter.tga size:256x256
Image: .\cis\msh\cis_cockpit_win.tga size:128x128
Image: .\cis\msh\cis_destdroid_icon.tga size:32x32
Image: .\cis\msh\cis_dwarfspider_icon.tga size:32x32
Image: .\cis\msh\cis_fly_droidgunship.tga size:256x256
Image: .\cis\msh\cis_fly_droidgunship_lowrez.tga size:64x64
Image: .\cis\msh\cis_fly_droidstarfighter_lowrez.tga size:32x32
Image: .\cis\msh\cis_fly_fedlander.tga size:128x128
Image: .\cis\msh\cis_fly_fighter_canopy.tga size:64x64
Image: .\cis\msh\cis_fly_greviousfighter.tga size:256x256
Image: .\cis\msh\cis_fly_gunship_dome.tga size:128x128
Image: .\cis\msh\cis_fly_landing_1_lowrez.tga size:128x128
Image: .\cis\msh\cis_fly_technounion_lowrez.tga size:32x32
Image: .\cis\msh\cis_fly_tridroidfighter.tga size:256x256
Image: .\cis\msh\cis_fly_tridroidfighter_ribbing.tga size:256x256
Image: .\cis\msh\cis_fly_tridroidfighter_sphere.tga size:16x16
Image: .\cis\msh\cis_hover_aat_lowrez.tga size:32x32
Image: .\cis\msh\cis_hover_stap2_lowrez.tga size:32x32
Image: .\cis\msh\cis_hover_stap_lowrez.tga size:32x32
Image: .\cis\msh\cis_inf_darthmaul.tga size:256x256
Image: .\cis\msh\cis_inf_darthmaul_cape.tga size:128x128
Image: .\cis\msh\cis_inf_dooku.tga size:256x256
Image: .\cis\msh\cis_inf_droideka.tga size:256x256
Image: .\cis\msh\cis_inf_generalgrevious.tga size:256x256
Image: .\cis\msh\cis_inf_jangofett.tga size:256x256
Image: .\cis\msh\cis_inf_jangofett_jetpack.tga size:128x128
Image: .\cis\msh\cis_inf_magnaguard.tga size:256x256
Image: .\cis\msh\cis_inf_sbdroid.tga size:256x256
Image: .\cis\msh\cis_maf_lowrez.tga size:32x32
Image: .\cis\msh\cis_prop_turretchair.tga size:256x256
Image: .\cis\msh\cis_repairdroid_icon.tga size:32x32
Image: .\cis\msh\cis_sbdroid_icon.tga size:32x32
Image: .\cis\msh\cis_spiderwalker.tga size:256x256
Image: .\cis\msh\cis_spiderwalker_lowrez.tga size:32x32
Image: .\cis\msh\cis_tread_hailfire_lowrez.tga size:32x32
Image: .\cis\msh\cis_tread_hailfire_wheel.tga size:128x128
Image: .\cis\msh\cis_tread_tank.tga size:256x256
Image: .\cis\msh\cis_tread_tank_lowrez.tga size:64x64
Image: .\cis\msh\cis_tread_tank_track.tga size:128x128
Image: .\cis\msh\cis_tread_tank_track_lowrez.tga size:32x32
Image: .\cis\msh\cis_weap_inf_thermaldetonator.tga size:64x64
Image: .\cis\msh\com_weap_inf_duellightsabre.tga size:128x256
Image: .\cis\msh\console_6.tga size:128x128
Image: .\cis\msh\droidfighter_icon.tga size:16x16
Image: .\cis\msh\droidgunship_icon.tga size:16x16
Image: .\cis\msh\geofighter_icon.tga size:16x16
Image: .\cis\msh\greenlightsabre.tga size:64x64
Image: .\cis\msh\greviousfighter_icon.tga size:16x16
Image: .\cis\msh\hailfire_icon.tga size:16x16
Image: .\cis\msh\hud_cis_weap_defense_buff_icon.tga size:64x64
Image: .\cis\msh\hud_droideka_shield.tga size:64x64
Image: .\cis\msh\hud_imp_wristrocket.tga size:64x64
Image: .\cis\msh\hud_missle.tga size:64x64
Image: .\cis\msh\hud_poison.tga size:64x64
Image: .\cis\msh\imp_hover_aat.tga size:256x256
Image: .\cis\msh\imp_hover_aat_lowrez.tga size:32x32
Image: .\cis\msh\imp_inf_weap_lightsabre.tga size:64x64
Image: .\cis\msh\maf_icon.tga size:16x16
Image: .\cis\msh\mtt_icon.tga size:16x16
Image: .\cis\msh\pistol.tga size:128x64
Image: .\cis\msh\redlightsabre.tga size:64x64
Image: .\cis\msh\snailtank_icon.tga size:16x16
Image: .\cis\msh\spider_icon.tga size:16x16
Image: .\cis\msh\stap_icon.tga size:16x16
Image: .\cis\msh\tridroidfighter_icon.tga size:16x16
Image: .\cis\msh\white.tga size:4x4
Image: .\Common\effects\com_sfx_f_bam.tga size:128x128
Image: .\Common\effects\com_sfx_f_blammo.tga size:128x128
Image: .\Common\effects\com_sfx_f_circle.tga size:64x64
Image: .\Common\effects\com_sfx_f_pow.tga size:128x128
Image: .\Common\effects\com_sfx_f_star.tga size:64x64
Image: .\Common\effects\com_sfx_f_swirl.tga size:64x64
Image: .\Common\effects\com_sfx_f_zap.tga size:128x128
Image: .\Common\effects\fx_candy.tga size:64x64
Image: .\Common\effects\fx_candycane.tga size:64x64
Image: .\Common\effects\fx_snow.tga size:32x32
Image: .\Common\effects\spa1_sfx_lasertrail_b.tga size:16x16
Image: .\Common\msh\black_hat.tga size:64x64
Image: .\Common\msh\carrot_nose.tga size:64x64
Image: .\Common\msh\coal_stones.tga size:64x64
Image: .\Common\msh\com_prop_dropturret_rep.tga size:128x128
Image: .\Common\msh\com_weap_inf_landmine.tga size:128x128
Image: .\Common\msh\com_weap_inf_snowmine.tga size:128x128
Image: .\Common\msh\com_weap_probedroid.tga size:128x128
Image: .\Common\msh\com_weap_xmasrecon1.tga size:128x128
Image: .\Common\msh\green.tga size:64x64
Image: .\Common\msh\hoth_main_1.tga size:256x256
Image: .\Common\msh\jawa.tga size:256x256
Image: .\Common\msh\red.tga size:128x128
Image: .\Common\msh\red_hat.tga size:128x128
Image: .\Common\msh\santahat.tga size:128x128
Image: .\Common\msh\snow_body.tga size:256x128
Image: .\Common\msh\straw_broom2.tga size:128x64
Image: .\Common\msh\wood_sticks.tga size:128x128
Image: .\Common\msh\wood_sticks_end.tga size:128x128
Image: .\Common\msh\xms_evlcoal.tga size:128x128
Image: .\Common\msh\yello.tga size:128x128
Image: .\des\msh\all_1st_weap_inf_launcher.tga size:128x64
Image: .\des\msh\beer.tga size:128x128
Image: .\des\msh\camryside.tga size:128x128
Image: .\des\msh\camrysred.tga size:128x128
Image: .\des\msh\camry_Front.tga size:128x128
Image: .\des\msh\camry_Frred.tga size:128x128
Image: .\des\msh\camry_rear.tga size:128x128
Image: .\des\msh\camry_rred.tga size:128x128
Image: .\des\msh\candycane.tga size:128x128
Image: .\des\msh\car_icon.tga size:16x16
Image: .\des\msh\explorer2.tga size:128x128
Image: .\des\msh\explorerg.tga size:128x128
Image: .\des\msh\explorer_front.tga size:128x128
Image: .\des\msh\expl_grn_front.tga size:128x128
Image: .\des\msh\fordexplorer_grn.tga size:128x128
Image: .\des\msh\hoth_main_1.tga size:256x256
Image: .\des\msh\jawa.tga size:256x256
Image: .\des\msh\pp_ford_explorer.tga size:128x128
Image: .\des\msh\redlightsabre.tga size:128x128
Image: .\des\msh\rep_1st_weap_inf_launcher.tga size:128x128
Image: .\des\msh\tat_weap_tuskrifle.tga size:128x128
Image: .\des\msh\treads.tga size:256x64
Image: .\des\msh\tusken.tga size:128x128
Image: .\des\msh\xms_inf_fanta.tga size:256x256
Image: .\des\msh\xms_inf_santa.tga size:256x256
Image: .\ewk\msh\ewok.tga size:256x256
Image: .\ewk\msh\ewok2.tga size:256x256
Image: .\ewk\msh\hoth_main_1.tga size:256x256
Image: .\ewk\msh\rep_inf_yoda.tga size:256x256
Image: .\imp\effects\geo_blastballs.tga size:64x64
Image: .\imp\effects\jetpack.tga size:64x64
Image: .\imp\msh\all_1st_weap_inf_launcher.tga size:128x64
Image: .\imp\msh\atat_icon.tga size:16x16
Image: .\imp\msh\atst_icon.tga size:16x16
Image: .\imp\msh\console_6.tga size:128x128
Image: .\imp\msh\darkredlightsabre.tga size:64x64
Image: .\imp\msh\fightertank_icon.tga size:16x16
Image: .\imp\msh\hud_imp_weap_defense_buff_icon.tga size:64x64
Image: .\imp\msh\hud_imp_wristrocket.tga size:64x64
Image: .\imp\msh\imptieengine.tga size:32x32
Image: .\imp\msh\imp_1st_cockpit_atatill.tga size:64x64
Image: .\imp\msh\imp_1st_cockpit_atatill2.tga size:64x64
Image: .\imp\msh\imp_1st_cockpit_fx.tga size:64x64
Image: .\imp\msh\imp_1st_inf_bobafett_arms.tga size:256x256
Image: .\imp\msh\imp_1st_inf_bobafett_hands.tga size:256x256
Image: .\imp\msh\imp_1st_inf_darktrooper_arms.tga size:128x128
Image: .\imp\msh\imp_1st_inf_darktrooper_hands.tga size:256x256
Image: .\imp\msh\imp_1st_inf_death_star_gunner_arms.tga size:256x256
Image: .\imp\msh\imp_1st_inf_death_star_gunner_hands.tga size:256x256
Image: .\imp\msh\imp_1st_inf_stormtrooper_arms.tga size:256x256
Image: .\imp\msh\imp_1st_inf_stormtrooper_hands.tga size:256x256
Image: .\imp\msh\imp_1st_weap_inf_launcher_lens.tga size:32x32
Image: .\imp\msh\imp_1st_weap_inf_thermaldetonator.tga size:128x128
Image: .\imp\msh\imp_cockpit_win.tga size:128x128
Image: .\imp\msh\imp_command_center02_lowrez.tga size:32x32
Image: .\imp\msh\imp_detonator_icon.tga size:64x64
Image: .\imp\msh\imp_fly_destroyer.tga size:256x256
Image: .\imp\msh\imp_fly_shuttleproto.tga size:256x256
Image: .\imp\msh\imp_fly_tiebomber.tga size:256x256
Image: .\imp\msh\imp_fly_tiefighter.tga size:256x256
Image: .\imp\msh\imp_fly_tiefighter_lowrez.tga size:32x32
Image: .\imp\msh\imp_fly_trooptrans_lowrez.tga size:32x32
Image: .\imp\msh\imp_gunner_icon.tga size:32x32
Image: .\imp\msh\imp_hover_fightertank_lowrez.tga size:32x32
Image: .\imp\msh\imp_hover_speederbike_lowrez.tga size:32x32
Image: .\imp\msh\imp_inf_atatcommander.tga size:128x128
Image: .\imp\msh\imp_inf_atatpilot.tga size:128x128
Image: .\imp\msh\imp_inf_atstpilot.tga size:128x128
Image: .\imp\msh\imp_inf_bobafett.tga size:128x128
Image: .\imp\msh\imp_inf_bobafett_jetpack.tga size:128x128
Image: .\imp\msh\imp_inf_darktrooper.tga size:128x128
Image: .\imp\msh\imp_inf_darktrooper_pack.tga size:128x128
Image: .\imp\msh\imp_inf_darthsidious.tga size:128x128
Image: .\imp\msh\imp_inf_darthvader.tga size:128x128
Image: .\imp\msh\imp_inf_deathstargunner.tga size:128x128
Image: .\imp\msh\imp_inf_officer.tga size:128x128
Image: .\imp\msh\imp_inf_scout.tga size:128x128
Image: .\imp\msh\imp_inf_snowtrooper.tga size:128x128
Image: .\imp\msh\imp_inf_snowtrooper_pack.tga size:128x128
Image: .\imp\msh\imp_inf_tiepilot.tga size:128x128
Image: .\imp\msh\imp_inf_trooper.tga size:128x128
Image: .\imp\msh\imp_inf_trooper_pack.tga size:128x128
Image: .\imp\msh\imp_inf_weap_lightsabre.tga size:64x64
Image: .\imp\msh\imp_lascannon_icon.tga size:32x32
Image: .\imp\msh\imp_officer_icon.tga size:32x32
Image: .\imp\msh\imp_pilot_icon.tga size:32x32
Image: .\imp\msh\imp_pistol_inf_lowrez.tga size:128x64
Image: .\imp\msh\imp_prop_console_fx.tga size:64x64
Image: .\imp\msh\imp_prop_console_fx2.tga size:64x32
Image: .\imp\msh\imp_prop_turretchair.tga size:256x256
Image: .\imp\msh\imp_rifle_icon.tga size:32x32
Image: .\imp\msh\imp_scout_icon.tga size:32x32
Image: .\imp\msh\imp_sniper_rifle.tga size:128x64
Image: .\imp\msh\imp_soldier_icon.tga size:32x32
Image: .\imp\msh\imp_stardestroyer.tga size:256x256
Image: .\imp\msh\imp_walk_atat_lowrez.tga size:128x128
Image: .\imp\msh\imp_weap_inf_rifle.tga size:128x128
Image: .\imp\msh\imp_weap_inf_thermaldetonator.tga size:64x64
Image: .\imp\msh\lasacannon.tga size:128x64
Image: .\imp\msh\speederbike_icon.tga size:16x16
Image: .\imp\msh\tie-bomber_icon.tga size:16x16
Image: .\imp\msh\tie-fighter_icon.tga size:16x16
Image: .\imp\msh\tie-interceptor_icon.tga size:16x16
Image: .\imp\msh\trooptrans_icon.tga size:16x16
Image: .\rep\effects\com_sfx_groundcrack2.tga size:128x128
Image: .\rep\effects\jetpack.tga size:64x64
Image: .\rep\msh\all_1st_weap_inf_launcher.tga size:128x64
Image: .\rep\msh\all_lascannon_icon.tga size:32x32
Image: .\rep\msh\all_launcher_inf.tga size:128x128
Image: .\rep\msh\anistarfighter_icon.tga size:16x16
Image: .\rep\msh\arc170_icon.tga size:16x16
Image: .\rep\msh\atte_icon.tga size:16x16
Image: .\rep\msh\barc_speeder.tga size:256x256
Image: .\rep\msh\bluelightsabre.tga size:64x64
Image: .\rep\msh\combatspeeder_icon.tga size:16x16
Image: .\rep\msh\console_6.tga size:128x128
Image: .\rep\msh\CraftR2D2.tga size:256x256
Image: .\rep\msh\fightertank_icon.tga size:16x16
Image: .\rep\msh\geo_bld_forwardcenter.tga size:256x256
Image: .\rep\msh\geo_bld_forwardcenter_lowrez.tga size:32x32
Image: .\rep\msh\greenlightsabre.tga size:64x64
Image: .\rep\msh\gunship_icon.tga size:16x16
Image: .\rep\msh\hud_rep_weap_defense_buff_icon.tga size:32x32
Image: .\rep\msh\imp_inf_weap_lightsabre.tga size:64x64
Image: .\rep\msh\jedi_starfighter_icon.tga size:16x16
Image: .\rep\msh\jetpack_prop.tga size:128x128
Image: .\rep\msh\lasacannon.tga size:128x64
Image: .\rep\msh\luke.tga size:256x256
Image: .\rep\msh\luke_face01.tga size:128x128
Image: .\rep\msh\oneman_atst_icon.tga size:16x16
Image: .\rep\msh\protoshuttle_icon.tga size:16x16
Image: .\rep\msh\rep_1st_inf_arctrooper_arms.tga size:128x128
Image: .\rep\msh\rep_1st_inf_clonecommander_arms.tga size:128x128
Image: .\rep\msh\rep_1st_inf_feluciatrooper_arms.tga size:128x128
Image: .\rep\msh\rep_1st_inf_feluciatrooper_hands.tga size:64x64
Image: .\rep\msh\rep_1st_weap_inf_landmine.tga size:128x128
Image: .\rep\msh\rep_bldg_forwardcenter.tga size:256x256
Image: .\rep\msh\rep_cockpit_fx.tga size:64x64
Image: .\rep\msh\rep_cockpit_win.tga size:128x128
Image: .\rep\msh\rep_commando_icon.tga size:32x32
Image: .\rep\msh\rep_engineer_icon.tga size:32x32
Image: .\rep\msh\rep_fly_anistarfighter.tga size:256x256
Image: .\rep\msh\rep_fly_anistarfighter_lowrez.tga size:32x32
Image: .\rep\msh\rep_fly_arc170fighter.tga size:256x256
Image: .\rep\msh\rep_fly_assault.tga size:256x256
Image: .\rep\msh\rep_fly_assault_01_lowrez.tga size:32x32
Image: .\rep\msh\rep_fly_cat_dome.tga size:128x128
Image: .\rep\msh\rep_fly_fighter_canopy.tga size:64x32
Image: .\rep\msh\rep_fly_fighter_canopy_lowrez.tga size:32x16
Image: .\rep\msh\rep_fly_fighter_lowrez.tga size:32x32
Image: .\rep\msh\rep_fly_shuttleproto.tga size:256x256
Image: .\rep\msh\rep_fly_vwing.tga size:256x256
Image: .\rep\msh\rep_fly_vwing_windshield.tga size:128x128
Image: .\rep\msh\rep_hover_combatspeeder.tga size:256x256
Image: .\rep\msh\rep_hover_combatspeeder_lowrez.tga size:32x32
Image: .\rep\msh\rep_hover_combatspeeder_windshield.tga size:32x32
Image: .\rep\msh\rep_hover_fightertank.tga size:256x256
Image: .\rep\msh\rep_hover_fightertank_lowrez.tga size:32x32
Image: .\rep\msh\rep_hover_speederbike_lowrez.tga size:32x32
Image: .\rep\msh\rep_hover_swampspeeder.tga size:256x256
Image: .\rep\msh\rep_hover_swampspeeder_lowrez.tga size:64x64
Image: .\rep\msh\rep_htrooper_icon.tga size:32x32
Image: .\rep\msh\rep_inf_aaylasecura.tga size:256x256
Image: .\rep\msh\rep_inf_arc_pack_blue.tga size:128x128
Image: .\rep\msh\rep_inf_arc_pack_red.tga size:128x128
Image: .\rep\msh\rep_inf_arc_red.tga size:256x256
Image: .\rep\msh\rep_inf_clonecommander.tga size:256x256
Image: .\rep\msh\rep_inf_clonecommander_cape.tga size:128x128
Image: .\rep\msh\rep_inf_ep3anakin.tga size:256x256
Image: .\rep\msh\rep_inf_ep3armoredpilot.tga size:256x256
Image: .\rep\msh\rep_inf_ep3cloakedanakin.tga size:256x256
Image: .\rep\msh\rep_inf_ep3heavytrooper.tga size:256x256
Image: .\rep\msh\rep_inf_ep3heavytrooper_cape.tga size:128x128
Image: .\rep\msh\rep_inf_ep3jettrooper.tga size:256x256
Image: .\rep\msh\rep_inf_ep3jettrooperjetpack.tga size:128x128
Image: .\rep\msh\rep_inf_ep3obiwan.tga size:256x256
Image: .\rep\msh\rep_inf_ep3sniper.tga size:256x256
Image: .\rep\msh\rep_inf_ep3sniper_cape.tga size:128x128
Image: .\rep\msh\rep_inf_ep3spacepilot.tga size:256x256
Image: .\rep\msh\rep_inf_ep3spacepilotvisor.tga size:16x16
Image: .\rep\msh\rep_inf_ep3trooper.tga size:256x256
Image: .\rep\msh\rep_inf_feluciatrooper.tga size:256x256
Image: .\rep\msh\rep_inf_jediluke.tga size:256x256
Image: .\rep\msh\rep_inf_kiadimundi.tga size:256x256
Image: .\rep\msh\rep_inf_macewindu.tga size:256x256
Image: .\rep\msh\rep_inf_tatooinelukeskywalker_head.tga size:128x128
Image: .\rep\msh\rep_inf_yoda.tga size:256x256
Image: .\rep\msh\rep_jedi_icon.tga size:32x32
Image: .\rep\msh\rep_la_at.tga size:256x256
Image: .\rep\msh\rep_la_at_lowrez.tga size:32x32
Image: .\rep\msh\rep_pilot_icon.tga size:32x32
Image: .\rep\msh\rep_prop_console_fx.tga size:64x64
Image: .\rep\msh\rep_prop_turretchair.tga size:256x256
Image: .\rep\msh\rep_tank_beam_6.tga size:256x256
Image: .\rep\msh\rep_trooper_icon.tga size:32x32
Image: .\rep\msh\rep_walk_1_man_ATST.tga size:256x256
Image: .\rep\msh\rep_walk_sixleg_grate.tga size:64x64
Image: .\rep\msh\rep_walk_sixleg_lowrez.tga size:32x32
Image: .\rep\msh\rep_weap_inf_chaingun.tga size:256x256
Image: .\rep\msh\rep_weap_inf_landmine.tga size:64x64
Image: .\rep\msh\rep_weap_inf_thermaldetonator.tga size:64x64
Image: .\rep\msh\snowtrooper.tga size:256x256
Image: .\rep\msh\speederbike_icon.tga size:16x16
Image: .\rep\msh\tauntaun_kaadu_icon.tga size:16x16
Image: .\rep\msh\v-wing_icon.tga size:16x16
Image: .\rep\msh\violetlightsaber.tga size:64x64
Image: .\all\msh\PC\A-wing_bump.tga size:512x512
Image: .\all\msh\PC\all_1st_cockpit_cloudcar.tga size:512x512
Image: .\all\msh\PC\all_1st_cockpit_combatspeeder.tga size:512x512
Image: .\all\msh\PC\all_1st_cockpit_securitycam.tga size:512x512
Image: .\all\msh\PC\all_1st_cockpit_snowspeeder.tga size:512x512
Image: .\all\msh\PC\all_1st_cockpit_xwing.tga size:512x512
Image: .\all\msh\PC\all_1st_cockpit_ywing.tga size:512x512
Image: .\all\msh\PC\all_1st_hothtrooper_arms.tga size:256x256
Image: .\all\msh\PC\all_1st_hothtrooper_hands.tga size:256x256
Image: .\all\msh\PC\all_1st_inf_hothmarksperson_arms.tga size:256x256
Image: .\all\msh\PC\all_1st_inf_hothmarksperson_hands.tga size:256x256
Image: .\all\msh\PC\all_1st_inf_marksperson_arms.tga size:256x256
Image: .\all\msh\PC\all_1st_inf_marksperson_hands.tga size:256x256
Image: .\all\msh\PC\all_1st_inf_pilot_arms.tga size:256x256
Image: .\all\msh\PC\all_1st_inf_pilot_hands.tga size:256x256
Image: .\all\msh\PC\all_1st_inf_stormtrooper_arms.tga size:256x256
Image: .\all\msh\PC\all_1st_inf_stormtrooper_hands.tga size:256x256
Image: .\all\msh\PC\all_1st_inf_trooper_arms.tga size:256x256
Image: .\all\msh\PC\all_1st_inf_trooper_hands.tga size:256x256
Image: .\all\msh\PC\all_1st_inf_vanguard_arms.tga size:256x256
Image: .\all\msh\PC\all_1st_inf_vanguard_hands.tga size:256x256
Image: .\all\msh\PC\all_1st_inf_wookie.tga size:256x256
Image: .\all\msh\PC\all_1st_weap_inf_bowcaster.tga size:512x512
Image: .\all\msh\PC\all_1st_weap_inf_bowcaster_bump.tga size:512x512
Image: .\all\msh\PC\all_1st_weap_inf_fusioncutter.tga size:512x256
Image: .\all\msh\PC\all_1st_weap_inf_launcher.tga size:512x512
Image: .\all\msh\PC\all_1st_weap_inf_launcher_bump.tga size:512x512
Image: .\all\msh\PC\all_1st_weap_inf_pistol.tga size:512x256
Image: .\all\msh\PC\all_1st_weap_inf_pistol_bump.tga size:512x256
Image: .\all\msh\PC\all_1st_weap_inf_rifle.tga size:512x512
Image: .\all\msh\PC\all_1st_weap_inf_rifle_bump.tga size:512x512
Image: .\all\msh\PC\all_1st_weap_inf_seeker.tga size:512x512
Image: .\all\msh\PC\all_1st_weap_inf_seeker_bump.tga size:512x512
Image: .\all\msh\PC\all_1st_weap_inf_sniperrifle.tga size:512x256
Image: .\all\msh\PC\all_1st_weap_inf_sniperrifle_bump.tga size:512x256
Image: .\all\msh\PC\all_command_center01.tga size:512x512
Image: .\all\msh\PC\all_command_center02.tga size:512x512
Image: .\all\msh\PC\all_engineer_rifle_inf.tga size:512x512
Image: .\all\msh\PC\all_face01.tga size:256x256
Image: .\all\msh\PC\all_fly_speeder.tga size:1024x1024
Image: .\all\msh\PC\all_fly_speeder_bump.tga size:512x512
Image: .\all\msh\PC\all_fly_xwing_bump.tga size:512x512
Image: .\all\msh\PC\all_fly_ywing_bump.tga size:512x512
Image: .\all\msh\PC\all_hover_rebel_attack_speeder.tga size:512x512
Image: .\all\msh\PC\all_hover_rebel_attack_speeder_bump.tga size:512x512
Image: .\all\msh\PC\all_hover_tank.tga size:1024x1024
Image: .\all\msh\PC\all_hover_tank_bump.tga size:256x256
Image: .\all\msh\PC\all_inf_soldier_hoth.tga size:512x512
Image: .\all\msh\PC\all_la_at_balls.tga size:128x256
Image: .\all\msh\PC\all_medical_kit.tga size:512x512
Image: .\all\msh\PC\all_sfx_invisibump.tga size:128x128
Image: .\all\msh\PC\binoculars.tga size:128x128
Image: .\all\msh\PC\grndr2d2.tga size:512x512
Image: .\all\msh\PC\luke.tga size:512x512
Image: .\all\msh\PC\pistol.tga size:256x128
Image: .\all\msh\PC\pow_detonator.tga size:128x128
Image: .\all\msh\PC\rebel_face01.tga size:256x256
Image: .\all\msh\PC\rebel_face02.tga size:256x256
Image: .\all\msh\PC\rebel_face03.tga size:256x256
Image: .\all\msh\PC\wookie.tga size:512x512
Image: .\all\msh\PC\wookie02.tga size:512x512
Image: .\all\msh\PC\wookie03.tga size:512x512
Image: .\all\msh\PC\wookieface.tga size:256x256
Image: .\all\msh\PC\wookieface02.tga size:256x256
Image: .\all\msh\PC\wookieface03.tga size:256x256
Image: .\all\msh\PS2\all_1st_cockpit_cloudcar.tga size:256x256
Image: .\all\msh\PS2\all_1st_cockpit_combatspeeder.tga size:256x256
Image: .\all\msh\PS2\all_1st_cockpit_securitycam.tga size:256x256
Image: .\all\msh\PS2\all_1st_cockpit_snowspeeder.tga size:256x256
Image: .\all\msh\PS2\all_1st_cockpit_xwing.tga size:256x256
Image: .\all\msh\PS2\all_1st_cockpit_ywing.tga size:256x256
Image: .\all\msh\PS2\all_1st_hothtrooper_arms.tga size:256x256
Image: .\all\msh\PS2\all_1st_hothtrooper_hands.tga size:256x256
Image: .\all\msh\PS2\all_1st_inf_hothmarksperson_arms.tga size:256x256
Image: .\all\msh\PS2\all_1st_inf_hothmarksperson_hands.tga size:256x256
Image: .\all\msh\PS2\all_1st_inf_marksperson_arms.tga size:256x256
Image: .\all\msh\PS2\all_1st_inf_marksperson_hands.tga size:256x256
Image: .\all\msh\PS2\all_1st_inf_pilot_arms.tga size:256x256
Image: .\all\msh\PS2\all_1st_inf_pilot_hands.tga size:256x256
Image: .\all\msh\PS2\all_1st_inf_stormtrooper_arms.tga size:256x256
Image: .\all\msh\PS2\all_1st_inf_stormtrooper_hands.tga size:256x256
Image: .\all\msh\PS2\all_1st_inf_trooper_arms.tga size:256x256
Image: .\all\msh\PS2\all_1st_inf_trooper_hands.tga size:256x256
Image: .\all\msh\PS2\all_1st_inf_vanguard_arms.tga size:256x256
Image: .\all\msh\PS2\all_1st_inf_vanguard_hands.tga size:256x256
Image: .\all\msh\PS2\all_1st_inf_wookie.tga size:256x256
Image: .\all\msh\PS2\all_1st_weap_inf_bowcaster.tga size:256x256
Image: .\all\msh\PS2\all_1st_weap_inf_fusioncutter.tga size:256x128
Image: .\all\msh\PS2\all_1st_weap_inf_launcher.tga size:256x256
Image: .\all\msh\PS2\all_1st_weap_inf_pistol.tga size:256x128
Image: .\all\msh\PS2\all_1st_weap_inf_rifle.tga size:256x256
Image: .\all\msh\PS2\all_1st_weap_inf_seeker.tga size:256x256
Image: .\all\msh\PS2\all_1st_weap_inf_sniperrifle.tga size:256x128
Image: .\all\msh\PS2\all_command_center01.tga size:256x256
Image: .\all\msh\PS2\all_command_center02.tga size:256x256
Image: .\all\msh\PS2\all_engineer_rifle_inf.tga size:256x256
Image: .\all\msh\PS2\all_face01.tga size:256x256
Image: .\all\msh\PS2\all_fly_speeder.tga size:256x256
Image: .\all\msh\PS2\all_hover_rebel_attack_speeder.tga size:256x256
Image: .\all\msh\PS2\all_hover_tank.tga size:256x256
Image: .\all\msh\PS2\all_inf_soldier_hoth.tga size:256x256
Image: .\all\msh\PS2\all_la_at_balls.tga size:128x256
Image: .\all\msh\PS2\all_medical_kit.tga size:256x256
Image: .\all\msh\PS2\binoculars.tga size:128x128
Image: .\all\msh\PS2\grndr2d2.tga size:256x256
Image: .\all\msh\PS2\luke.tga size:256x256
Image: .\all\msh\PS2\pistol.tga size:256x128
Image: .\all\msh\PS2\pow_detonator.tga size:128x128
Image: .\all\msh\PS2\rebel_face01.tga size:256x256
Image: .\all\msh\PS2\rebel_face02.tga size:256x256
Image: .\all\msh\PS2\rebel_face03.tga size:256x256
Image: .\all\msh\PS2\wookie.tga size:256x256
Image: .\all\msh\PS2\wookie02.tga size:256x256
Image: .\all\msh\PS2\wookie03.tga size:256x256
Image: .\all\msh\PS2\wookieface.tga size:256x256
Image: .\all\msh\PS2\wookieface02.tga size:256x256
Image: .\all\msh\PS2\wookieface03.tga size:256x256
Image: .\all\msh\XBOX\all_1st_cockpit_cloudcar.tga size:256x256
Image: .\all\msh\XBOX\all_1st_cockpit_combatspeeder.tga size:256x256
Image: .\all\msh\XBOX\all_1st_cockpit_securitycam.tga size:256x256
Image: .\all\msh\XBOX\all_1st_cockpit_snowspeeder.tga size:256x256
Image: .\all\msh\XBOX\all_1st_cockpit_xwing.tga size:256x256
Image: .\all\msh\XBOX\all_1st_cockpit_ywing.tga size:256x256
Image: .\all\msh\XBOX\all_1st_hothtrooper_arms.tga size:256x256
Image: .\all\msh\XBOX\all_1st_hothtrooper_hands.tga size:64x64
Image: .\all\msh\XBOX\all_1st_inf_hothmarksperson_arms.tga size:128x128
Image: .\all\msh\XBOX\all_1st_inf_hothmarksperson_hands.tga size:64x64
Image: .\all\msh\XBOX\all_1st_inf_marksperson_arms.tga size:128x128
Image: .\all\msh\XBOX\all_1st_inf_marksperson_hands.tga size:64x64
Image: .\all\msh\XBOX\all_1st_inf_pilot_arms.tga size:128x128
Image: .\all\msh\XBOX\all_1st_inf_pilot_hands.tga size:128x128
Image: .\all\msh\XBOX\all_1st_inf_stormtrooper_arms.tga size:128x128
Image: .\all\msh\XBOX\all_1st_inf_stormtrooper_hands.tga size:64x64
Image: .\all\msh\XBOX\all_1st_inf_trooper_arms.tga size:128x128
Image: .\all\msh\XBOX\all_1st_inf_trooper_hands.tga size:64x64
Image: .\all\msh\XBOX\all_1st_inf_vanguard_arms.tga size:128x128
Image: .\all\msh\XBOX\all_1st_inf_vanguard_hands.tga size:64x64
Image: .\all\msh\XBOX\all_1st_inf_wookie.tga size:256x256
Image: .\all\msh\XBOX\all_1st_weap_inf_bowcaster.tga size:128x128
Image: .\all\msh\XBOX\all_1st_weap_inf_fusioncutter.tga size:128x64
Image: .\all\msh\XBOX\all_1st_weap_inf_launcher.tga size:128x128
Image: .\all\msh\XBOX\all_1st_weap_inf_pistol.tga size:128x64
Image: .\all\msh\XBOX\all_1st_weap_inf_rifle.tga size:128x128
Image: .\all\msh\XBOX\all_1st_weap_inf_seeker.tga size:128x128
Image: .\all\msh\XBOX\all_1st_weap_inf_sniperrifle.tga size:128x64
Image: .\all\msh\XBOX\all_command_center01.tga size:256x256
Image: .\all\msh\XBOX\all_command_center02.tga size:256x256
Image: .\all\msh\XBOX\all_engineer_rifle_inf.tga size:128x128
Image: .\all\msh\XBOX\all_face01.tga size:64x64
Image: .\all\msh\XBOX\all_fly_speeder.tga size:256x256
Image: .\all\msh\XBOX\all_hover_rebel_attack_speeder.tga size:256x256
Image: .\all\msh\XBOX\all_hover_tank.tga size:256x256
Image: .\all\msh\XBOX\all_inf_soldier_hoth.tga size:256x256
Image: .\all\msh\XBOX\all_la_at_balls.tga size:128x256
Image: .\all\msh\XBOX\all_medical_kit.tga size:64x64
Image: .\all\msh\XBOX\binoculars.tga size:128x128
Image: .\all\msh\XBOX\grndr2d2.tga size:256x256
Image: .\all\msh\XBOX\luke.tga size:256x256
Image: .\all\msh\XBOX\pistol.tga size:128x64
Image: .\all\msh\XBOX\pow_detonator.tga size:128x128
Image: .\all\msh\XBOX\rebel_face01.tga size:64x64
Image: .\all\msh\XBOX\rebel_face02.tga size:64x64
Image: .\all\msh\XBOX\rebel_face03.tga size:64x64
Image: .\all\msh\XBOX\wookie.tga size:256x256
Image: .\all\msh\XBOX\wookie02.tga size:256x256
Image: .\all\msh\XBOX\wookie03.tga size:256x256
Image: .\all\msh\XBOX\wookieface.tga size:256x256
Image: .\all\msh\XBOX\wookieface02.tga size:256x256
Image: .\all\msh\XBOX\wookieface03.tga size:256x256
Image: .\cis\msh\PC\cis_1st_bdroid_hands.tga size:256x256
Image: .\cis\msh\PC\cis_1st_cockpit_aat.tga size:512x512
Image: .\cis\msh\PC\cis_1st_cockpit_hailfiredroid.tga size:512x512
Image: .\cis\msh\PC\cis_1st_cockpit_maf.tga size:512x512
Image: .\cis\msh\PC\cis_1st_cockpit_securitycam.tga size:512x512
Image: .\cis\msh\PC\cis_1st_cockpit_spiderwalker.tga size:512x512
Image: .\cis\msh\PC\cis_1st_cockpit_stap.tga size:512x512
Image: .\cis\msh\PC\cis_1st_cockpit_starfighter.tga size:512x512
Image: .\cis\msh\PC\cis_1st_droideka_hands.tga size:512x512
Image: .\cis\msh\PC\cis_1st_weap_inf_fusioncutter.tga size:512x256
Image: .\cis\msh\PC\cis_1st_weap_inf_launcher.tga size:512x512
Image: .\cis\msh\PC\cis_1st_weap_inf_launcher_bump.tga size:512x512
Image: .\cis\msh\PC\cis_1st_weap_inf_pistol.tga size:512x256
Image: .\cis\msh\PC\cis_1st_weap_inf_pistol_bump.tga size:512x256
Image: .\cis\msh\PC\cis_1st_weap_inf_rifle.tga size:512x512
Image: .\cis\msh\PC\cis_1st_weap_inf_rifle_bump.tga size:512x512
Image: .\cis\msh\PC\cis_1st_weap_inf_sniperrifle.tga size:512x512
Image: .\cis\msh\PC\cis_1st_weap_inf_sniperrifle_bump.tga size:512x512
Image: .\cis\msh\PC\cis_1st_weap_inf_sonicblaster.tga size:512x512
Image: .\cis\msh\PC\cis_fly_droidgunship_bump.tga size:512x512
Image: .\cis\msh\PC\cis_fly_droidstarfighter.tga size:512x512
Image: .\cis\msh\PC\cis_fly_droidstarfighter_bump.tga size:512x512
Image: .\cis\msh\PC\cis_fly_fighter.tga size:512x512
Image: .\cis\msh\PC\cis_fly_greviousfighter_bump.tga size:512x512
Image: .\cis\msh\PC\cis_fly_tridroidfighter_bump.tga size:512x512
Image: .\cis\msh\PC\cis_hover_aat.tga size:512x512
Image: .\cis\msh\PC\cis_hover_aat_bump.tga size:512x512
Image: .\cis\msh\PC\cis_hover_stap.tga size:256x256
Image: .\cis\msh\PC\cis_hover_stap2.tga size:256x256
Image: .\cis\msh\PC\cis_hover_stap2_bump.tga size:256x256
Image: .\cis\msh\PC\cis_hover_stap_bump.tga size:256x256
Image: .\cis\msh\PC\cis_inf_battledroid.tga size:512x512
Image: .\cis\msh\PC\cis_inf_battledroid_blue.tga size:512x512
Image: .\cis\msh\PC\cis_inf_battledroid_camo.tga size:512x512
Image: .\cis\msh\PC\cis_inf_battledroid_green.tga size:512x512
Image: .\cis\msh\PC\cis_inf_battledroid_orange.tga size:512x512
Image: .\cis\msh\PC\cis_inf_battledroid_red.tga size:512x512
Image: .\cis\msh\PC\cis_maf.tga size:512x512
Image: .\cis\msh\PC\cis_maf_bump.tga size:512x512
Image: .\cis\msh\PC\cis_spiderwalker_bump.tga size:512x512
Image: .\cis\msh\PC\cis_tread_hailfire.tga size:512x512
Image: .\cis\msh\PC\cis_tread_hailfire_bump.tga size:512x512
Image: .\cis\msh\PC\cis_tread_tank_bump.tga size:512x512
Image: .\cis\msh\PC\sbdroid_a.tga size:512x512
Image: .\cis\msh\PS2\cis_1st_bdroid_hands.tga size:256x256
Image: .\cis\msh\PS2\cis_1st_cockpit_aat.tga size:128x128
Image: .\cis\msh\PS2\cis_1st_cockpit_hailfiredroid.tga size:256x256
Image: .\cis\msh\PS2\cis_1st_cockpit_maf.tga size:256x256
Image: .\cis\msh\PS2\cis_1st_cockpit_securitycam.tga size:256x256
Image: .\cis\msh\PS2\cis_1st_cockpit_spiderwalker.tga size:128x128
Image: .\cis\msh\PS2\cis_1st_cockpit_stap.tga size:256x256
Image: .\cis\msh\PS2\cis_1st_cockpit_starfighter.tga size:256x256
Image: .\cis\msh\PS2\cis_1st_droideka_hands.tga size:128x128
Image: .\cis\msh\PS2\cis_1st_weap_inf_fusioncutter.tga size:64x32
Image: .\cis\msh\PS2\cis_1st_weap_inf_launcher.tga size:64x64
Image: .\cis\msh\PS2\cis_1st_weap_inf_pistol.tga size:64x32
Image: .\cis\msh\PS2\cis_1st_weap_inf_rifle.tga size:64x64
Image: .\cis\msh\PS2\cis_1st_weap_inf_sniperrifle.tga size:128x128
Image: .\cis\msh\PS2\cis_1st_weap_inf_sonicblaster.tga size:64x64
Image: .\cis\msh\PS2\cis_fly_droidstarfighter.tga size:256x256
Image: .\cis\msh\PS2\cis_fly_fighter.tga size:256x256
Image: .\cis\msh\PS2\cis_hover_aat.tga size:256x256
Image: .\cis\msh\PS2\cis_hover_stap.tga size:256x256
Image: .\cis\msh\PS2\cis_hover_stap2.tga size:256x256
Image: .\cis\msh\PS2\cis_inf_battledroid.tga size:128x128
Image: .\cis\msh\PS2\cis_inf_battledroid_blue.tga size:128x128
Image: .\cis\msh\PS2\cis_inf_battledroid_camo.tga size:128x128
Image: .\cis\msh\PS2\cis_inf_battledroid_green.tga size:128x128
Image: .\cis\msh\PS2\cis_inf_battledroid_orange.tga size:128x128
Image: .\cis\msh\PS2\cis_inf_battledroid_red.tga size:128x128
Image: .\cis\msh\PS2\cis_maf.tga size:256x256
Image: .\cis\msh\PS2\cis_tread_hailfire.tga size:256x256
Image: .\cis\msh\PS2\sbdroid_a.tga size:128x128
Image: .\cis\msh\XBOX\cis_1st_bdroid_hands.tga size:64x64
Image: .\cis\msh\XBOX\cis_1st_cockpit_aat.tga size:128x128
Image: .\cis\msh\XBOX\cis_1st_cockpit_hailfiredroid.tga size:256x256
Image: .\cis\msh\XBOX\cis_1st_cockpit_maf.tga size:256x256
Image: .\cis\msh\XBOX\cis_1st_cockpit_securitycam.tga size:256x256
Image: .\cis\msh\XBOX\cis_1st_cockpit_spiderwalker.tga size:128x128
Image: .\cis\msh\XBOX\cis_1st_cockpit_stap.tga size:256x256
Image: .\cis\msh\XBOX\cis_1st_cockpit_starfighter.tga size:256x256
Image: .\cis\msh\XBOX\cis_1st_droideka_hands.tga size:128x128
Image: .\cis\msh\XBOX\cis_1st_weap_inf_fusioncutter.tga size:64x32
Image: .\cis\msh\XBOX\cis_1st_weap_inf_launcher.tga size:64x64
Image: .\cis\msh\XBOX\cis_1st_weap_inf_pistol.tga size:64x32
Image: .\cis\msh\XBOX\cis_1st_weap_inf_rifle.tga size:64x64
Image: .\cis\msh\XBOX\cis_1st_weap_inf_sniperrifle.tga size:64x64
Image: .\cis\msh\XBOX\cis_1st_weap_inf_sonicblaster.tga size:64x64
Image: .\cis\msh\XBOX\cis_fly_droidstarfighter.tga size:256x256
Image: .\cis\msh\XBOX\cis_fly_fighter.tga size:256x256
Image: .\cis\msh\XBOX\cis_hover_aat.tga size:256x256
Image: .\cis\msh\XBOX\cis_hover_stap.tga size:256x256
Image: .\cis\msh\XBOX\cis_hover_stap2.tga size:256x256
Image: .\cis\msh\XBOX\cis_inf_battledroid.tga size:128x128
Image: .\cis\msh\XBOX\cis_inf_battledroid_blue.tga size:128x128
Image: .\cis\msh\XBOX\cis_inf_battledroid_camo.tga size:128x128
Image: .\cis\msh\XBOX\cis_inf_battledroid_green.tga size:128x128
Image: .\cis\msh\XBOX\cis_inf_battledroid_orange.tga size:128x128
Image: .\cis\msh\XBOX\cis_inf_battledroid_red.tga size:128x128
Image: .\cis\msh\XBOX\cis_maf.tga size:256x256
Image: .\cis\msh\XBOX\cis_tread_hailfire.tga size:256x256
Image: .\cis\msh\XBOX\sbdroid_a.tga size:128x128
Image: .\des\msh\PC\imp_1st_weap_inf_fusioncutter.tga size:512x256
Image: .\des\msh\PS2\imp_1st_weap_inf_fusioncutter.tga size:256x128
Image: .\des\msh\XBOX\imp_1st_weap_inf_fusioncutter.tga size:256x128
Image: .\ewk\msh\PC\all_1st_weap_inf_fusioncutter.tga size:512x256
Image: .\ewk\msh\PS2\all_1st_weap_inf_fusioncutter.tga size:256x128
Image: .\ewk\msh\XBOX\all_1st_weap_inf_fusioncutter.tga size:256x128
Image: .\imp\msh\PC\imp_1st_cockpit_atat.tga size:512x512
Image: .\imp\msh\PC\imp_1st_cockpit_fightertank.tga size:512x512
Image: .\imp\msh\PC\imp_1st_cockpit_landingcraft.tga size:512x512
Image: .\imp\msh\PC\imp_1st_cockpit_securitycam.tga size:512x512
Image: .\imp\msh\PC\imp_1st_cockpit_tiebomber.tga size:512x256
Image: .\imp\msh\PC\imp_1st_cockpit_tiefighter.tga size:512x256
Image: .\imp\msh\PC\imp_1st_hothtrooper_arms.tga size:256x256
Image: .\imp\msh\PC\imp_1st_hothtrooper_hands.tga size:256x256
Image: .\imp\msh\PC\imp_1st_inf_darktrooper_arms.tga size:256x256
Image: .\imp\msh\PC\imp_1st_inf_darktrooper_hands.tga size:256x256
Image: .\imp\msh\PC\imp_1st_inf_pilot_arms.tga size:256x256
Image: .\imp\msh\PC\imp_1st_inf_pilot_hands.tga size:256x256
Image: .\imp\msh\PC\imp_1st_inf_scout_arms.tga size:256x256
Image: .\imp\msh\PC\imp_1st_inf_scout_hands.tga size:256x256
Image: .\imp\msh\PC\imp_1st_inf_stormtrooper_arms.tga size:256x256
Image: .\imp\msh\PC\imp_1st_inf_stormtrooper_hands.tga size:256x256
Image: .\imp\msh\PC\imp_1st_weap_inf_fusioncutter.tga size:512x256
Image: .\imp\msh\PC\imp_1st_weap_inf_launcher.tga size:512x256
Image: .\imp\msh\PC\imp_1st_weap_inf_launcher_bump.tga size:512x256
Image: .\imp\msh\PC\imp_1st_weap_inf_pistol.tga size:512x256
Image: .\imp\msh\PC\imp_1st_weap_inf_pistol_bump.tga size:512x256
Image: .\imp\msh\PC\imp_1st_weap_inf_rifle.tga size:512x256
Image: .\imp\msh\PC\imp_1st_weap_inf_rifle_bump.tga size:512x256
Image: .\imp\msh\PC\imp_1st_weap_inf_sniperrifle.tga size:512x256
Image: .\imp\msh\PC\imp_1st_weap_inf_sniperrifle_bump.tga size:512x256
Image: .\imp\msh\PC\imp_blaster_inf.tga size:256x128
Image: .\imp\msh\PC\imp_cockpit_atst.tga size:512x512
Image: .\imp\msh\PC\imp_cockpit_speederbike.tga size:512x512
Image: .\imp\msh\PC\imp_command_center01.tga size:512x512
Image: .\imp\msh\PC\imp_command_center02.tga size:512x512
Image: .\imp\msh\PC\imp_command_center03.tga size:256x256
Image: .\imp\msh\PC\imp_fly_tiebomber_bump.tga size:512x512
Image: .\imp\msh\PC\imp_fly_tiebomber_lowrez.tga size:32x32
Image: .\imp\msh\PC\imp_fly_tiefighter_bump.tga size:512x512
Image: .\imp\msh\PC\imp_fly_trooptrans.tga size:512x512
Image: .\imp\msh\PC\imp_hover_fightertank.tga size:512x512
Image: .\imp\msh\PC\imp_hover_fightertank_bump.tga size:512x512
Image: .\imp\msh\PC\imp_hover_speederbike.tga size:512x512
Image: .\imp\msh\PC\imp_hover_speederbike_bump.tga size:512x512
Image: .\imp\msh\PC\imp_pistol_inf.tga size:256x128
Image: .\imp\msh\PC\imp_vehicle_atst.tga size:512x512
Image: .\imp\msh\PC\imp_vehicle_atst_bump.tga size:512x512
Image: .\imp\msh\PC\imp_vehicle_atst_forest.tga size:512x512
Image: .\imp\msh\PC\imp_vehicle_atst_forest_lowrez.tga size:128x128
Image: .\imp\msh\PC\imp_vehicle_atst_hoth.tga size:512x512
Image: .\imp\msh\PC\imp_vehicle_atst_lowrez.tga size:128x128
Image: .\imp\msh\PC\imp_vehicle_atst_snow.tga size:512x512
Image: .\imp\msh\PC\imp_vehicle_atst_snow_lowrez.tga size:128x128
Image: .\imp\msh\PC\imp_walk_atat.tga size:1024x1024
Image: .\imp\msh\PC\imp_walk_atat_bump.tga size:1024x1024
Image: .\imp\msh\PC\pow_detonator.tga size:128x128
Image: .\imp\msh\PC\probe droid.tga size:256x256
Image: .\imp\msh\PS2\imp_1st_cockpit_atat.tga size:128x128
Image: .\imp\msh\PS2\imp_1st_cockpit_fightertank.tga size:128x128
Image: .\imp\msh\PS2\imp_1st_cockpit_landingcraft.tga size:128x128
Image: .\imp\msh\PS2\imp_1st_cockpit_securitycam.tga size:256x256
Image: .\imp\msh\PS2\imp_1st_cockpit_tiebomber.tga size:256x128
Image: .\imp\msh\PS2\imp_1st_cockpit_tiefighter.tga size:256x128
Image: .\imp\msh\PS2\imp_1st_hothtrooper_arms.tga size:256x256
Image: .\imp\msh\PS2\imp_1st_hothtrooper_hands.tga size:256x256
Image: .\imp\msh\PS2\imp_1st_inf_darktrooper_arms.tga size:128x128
Image: .\imp\msh\PS2\imp_1st_inf_darktrooper_hands.tga size:256x256
Image: .\imp\msh\PS2\imp_1st_inf_pilot_arms.tga size:256x256
Image: .\imp\msh\PS2\imp_1st_inf_pilot_hands.tga size:256x256
Image: .\imp\msh\PS2\imp_1st_inf_scout_arms.tga size:256x256
Image: .\imp\msh\PS2\imp_1st_inf_scout_hands.tga size:256x256
Image: .\imp\msh\PS2\imp_1st_inf_stormtrooper_arms.tga size:256x256
Image: .\imp\msh\PS2\imp_1st_inf_stormtrooper_hands.tga size:256x256
Image: .\imp\msh\PS2\imp_1st_weap_inf_fusioncutter.tga size:64x32
Image: .\imp\msh\PS2\imp_1st_weap_inf_launcher.tga size:64x32
Image: .\imp\msh\PS2\imp_1st_weap_inf_pistol.tga size:64x32
Image: .\imp\msh\PS2\imp_1st_weap_inf_rifle.tga size:64x32
Image: .\imp\msh\PS2\imp_1st_weap_inf_sniperrifle.tga size:64x32
Image: .\imp\msh\PS2\imp_blaster_inf.tga size:256x128
Image: .\imp\msh\PS2\imp_cockpit_atst.tga size:256x256
Image: .\imp\msh\PS2\imp_cockpit_speederbike.tga size:128x128
Image: .\imp\msh\PS2\imp_command_center01.tga size:256x256
Image: .\imp\msh\PS2\imp_command_center02.tga size:256x256
Image: .\imp\msh\PS2\imp_command_center03.tga size:256x256
Image: .\imp\msh\PS2\imp_fly_tiebomber_lowrez.tga size:32x32
Image: .\imp\msh\PS2\imp_fly_trooptrans.tga size:256x256
Image: .\imp\msh\PS2\imp_hover_fightertank.tga size:256x256
Image: .\imp\msh\PS2\imp_hover_speederbike.tga size:256x256
Image: .\imp\msh\PS2\imp_pistol_inf.tga size:256x128
Image: .\imp\msh\PS2\imp_vehicle_atst.tga size:256x256
Image: .\imp\msh\PS2\imp_vehicle_atst_forest.tga size:256x256
Image: .\imp\msh\PS2\imp_vehicle_atst_forest_lowrez.tga size:128x128
Image: .\imp\msh\PS2\imp_vehicle_atst_hoth.tga size:256x256
Image: .\imp\msh\PS2\imp_vehicle_atst_lowrez.tga size:128x128
Image: .\imp\msh\PS2\imp_vehicle_atst_snow.tga size:256x256
Image: .\imp\msh\PS2\imp_vehicle_atst_snow_lowrez.tga size:128x128
Image: .\imp\msh\PS2\imp_walk_atat.tga size:256x256
Image: .\imp\msh\PS2\pow_detonator.tga size:128x128
Image: .\imp\msh\PS2\probe droid.tga size:256x256
Image: .\imp\msh\XBOX\imp_1st_cockpit_atat.tga size:128x128
Image: .\imp\msh\XBOX\imp_1st_cockpit_fightertank.tga size:128x128
Image: .\imp\msh\XBOX\imp_1st_cockpit_landingcraft.tga size:128x128
Image: .\imp\msh\XBOX\imp_1st_cockpit_securitycam.tga size:256x256
Image: .\imp\msh\XBOX\imp_1st_cockpit_tiebomber.tga size:256x128
Image: .\imp\msh\XBOX\imp_1st_cockpit_tiefighter.tga size:256x128
Image: .\imp\msh\XBOX\imp_1st_hothtrooper_arms.tga size:128x128
Image: .\imp\msh\XBOX\imp_1st_hothtrooper_hands.tga size:64x64
Image: .\imp\msh\XBOX\imp_1st_inf_darktrooper_arms.tga size:128x128
Image: .\imp\msh\XBOX\imp_1st_inf_darktrooper_hands.tga size:64x64
Image: .\imp\msh\XBOX\imp_1st_inf_pilot_arms.tga size:64x64
Image: .\imp\msh\XBOX\imp_1st_inf_pilot_hands.tga size:64x64
Image: .\imp\msh\XBOX\imp_1st_inf_scout_arms.tga size:128x128
Image: .\imp\msh\XBOX\imp_1st_inf_scout_hands.tga size:64x64
Image: .\imp\msh\XBOX\imp_1st_inf_stormtrooper_arms.tga size:128x128
Image: .\imp\msh\XBOX\imp_1st_inf_stormtrooper_hands.tga size:64x64
Image: .\imp\msh\XBOX\imp_1st_weap_inf_fusioncutter.tga size:64x32
Image: .\imp\msh\XBOX\imp_1st_weap_inf_launcher.tga size:64x32
Image: .\imp\msh\XBOX\imp_1st_weap_inf_pistol.tga size:64x32
Image: .\imp\msh\XBOX\imp_1st_weap_inf_rifle.tga size:64x32
Image: .\imp\msh\XBOX\imp_1st_weap_inf_sniperrifle.tga size:64x32
Image: .\imp\msh\XBOX\imp_blaster_inf.tga size:128x64
Image: .\imp\msh\XBOX\imp_cockpit_atst.tga size:256x256
Image: .\imp\msh\XBOX\imp_cockpit_speederbike.tga size:128x128
Image: .\imp\msh\XBOX\imp_command_center01.tga size:256x256
Image: .\imp\msh\XBOX\imp_command_center02.tga size:256x256
Image: .\imp\msh\XBOX\imp_command_center03.tga size:256x256
Image: .\imp\msh\XBOX\imp_fly_tiebomber_lowrez.tga size:32x32
Image: .\imp\msh\XBOX\imp_fly_trooptrans.tga size:256x256
Image: .\imp\msh\XBOX\imp_hover_fightertank.tga size:256x256
Image: .\imp\msh\XBOX\imp_hover_speederbike.tga size:256x256
Image: .\imp\msh\XBOX\imp_pistol_inf.tga size:128x64
Image: .\imp\msh\XBOX\imp_vehicle_atst.tga size:256x256
Image: .\imp\msh\XBOX\imp_vehicle_atst_forest.tga size:256x256
Image: .\imp\msh\XBOX\imp_vehicle_atst_forest_lowrez.tga size:128x128
Image: .\imp\msh\XBOX\imp_vehicle_atst_hoth.tga size:256x256
Image: .\imp\msh\XBOX\imp_vehicle_atst_lowrez.tga size:128x128
Image: .\imp\msh\XBOX\imp_vehicle_atst_snow.tga size:256x256
Image: .\imp\msh\XBOX\imp_vehicle_atst_snow_lowrez.tga size:128x128
Image: .\imp\msh\XBOX\imp_walk_atat.tga size:256x256
Image: .\imp\msh\XBOX\pow_detonator.tga size:128x128
Image: .\imp\msh\XBOX\probe droid.tga size:128x128
Image: .\rep\msh\PC\barc_speeder.tga size:1024x1024
Image: .\rep\msh\PC\barc_speeder_bump.tga size:512x512
Image: .\rep\msh\PC\imp_cockpit_speederbike.tga size:512x512
Image: .\rep\msh\PC\rep_1st_cockpit_atte.tga size:512x512
Image: .\rep\msh\PC\rep_1st_cockpit_combatspeeder.tga size:512x512
Image: .\rep\msh\PC\rep_1st_cockpit_fightertank.tga size:512x512
Image: .\rep\msh\PC\rep_1st_cockpit_gunship.tga size:512x512
Image: .\rep\msh\PC\rep_1st_cockpit_jedistarfighter.tga size:512x512
Image: .\rep\msh\PC\rep_1st_cockpit_securitycam.tga size:512x512
Image: .\rep\msh\PC\rep_1st_inf_clonepilot_arms.tga size:256x256
Image: .\rep\msh\PC\rep_1st_inf_clonetrooper_arms.tga size:256x256
Image: .\rep\msh\PC\rep_1st_inf_clonetrooper_hands.tga size:256x256
Image: .\rep\msh\PC\rep_1st_inf_jettrooper_arms.tga size:256x256
Image: .\rep\msh\PC\rep_1st_inf_sharpshooter_arms.tga size:256x256
Image: .\rep\msh\PC\rep_1st_weap_inf_fusioncutter.tga size:512x256
Image: .\rep\msh\PC\rep_1st_weap_inf_launcher.tga size:512x512
Image: .\rep\msh\PC\rep_1st_weap_inf_pistol.tga size:512x256
Image: .\rep\msh\PC\rep_1st_weap_inf_pistol_bump.tga size:512x256
Image: .\rep\msh\PC\rep_1st_weap_inf_rifle.tga size:512x256
Image: .\rep\msh\PC\rep_1st_weap_inf_rifle_bump.tga size:512x256
Image: .\rep\msh\PC\rep_1st_weap_inf_sniperrifle.tga size:512x256
Image: .\rep\msh\PC\rep_1st_weap_inf_sniperrifle_bump.tga size:512x256
Image: .\rep\msh\PC\rep_fly_anistarfighter_bump.tga size:512x512
Image: .\rep\msh\PC\rep_fly_arc170fighter_bump.tga size:512x512
Image: .\rep\msh\PC\rep_fly_fighter.tga size:512x512
Image: .\rep\msh\PC\rep_fly_fighter_bump.tga size:512x512
Image: .\rep\msh\PC\rep_fly_vwing_bump.tga size:512x512
Image: .\rep\msh\PC\rep_hover_fightertank.tga size:1024x1024
Image: .\rep\msh\PC\rep_hover_fightertank_bump.tga size:512x512
Image: .\rep\msh\PC\rep_hover_gian_speeder.tga size:512x512
Image: .\rep\msh\PC\rep_hover_speederbike.tga size:512x512
Image: .\rep\msh\PC\rep_hover_speederbike_bump.tga size:512x512
Image: .\rep\msh\PC\rep_hover_swampspeeder_bump.tga size:512x512
Image: .\rep\msh\PC\rep_inf_arc_blue.tga size:512x512
Image: .\rep\msh\PC\rep_inf_clonepilot.tga size:512x512
Image: .\rep\msh\PC\rep_inf_gunner.tga size:512x512
Image: .\rep\msh\PC\rep_inf_htrooper.tga size:512x512
Image: .\rep\msh\PC\rep_inf_medic.tga size:512x512
Image: .\rep\msh\PC\rep_inf_pilot.tga size:512x512
Image: .\rep\msh\PC\rep_inf_sharpshooter.tga size:512x512
Image: .\rep\msh\PC\rep_inf_trooper.tga size:512x512
Image: .\rep\msh\PC\rep_la_at_balls.tga size:128x256
Image: .\rep\msh\PC\rep_la_at_bump.tga size:512x512
Image: .\rep\msh\PC\rep_walk_1_man_ATST.tga size:1024x1024
Image: .\rep\msh\PC\rep_walk_1_man_ATST_bump.tga size:512x512
Image: .\rep\msh\PC\rep_walk_sixleg.tga size:512x512
Image: .\rep\msh\PC\rep_walk_sixleg_bump.tga size:512x512
Image: .\rep\msh\PS2\barc_speeder.tga size:256x256
Image: .\rep\msh\PS2\imp_cockpit_speederbike.tga size:256x256
Image: .\rep\msh\PS2\rep_1st_cockpit_atte.tga size:128x128
Image: .\rep\msh\PS2\rep_1st_cockpit_combatspeeder.tga size:256x256
Image: .\rep\msh\PS2\rep_1st_cockpit_fightertank.tga size:128x128
Image: .\rep\msh\PS2\rep_1st_cockpit_gunship.tga size:128x128
Image: .\rep\msh\PS2\rep_1st_cockpit_jedistarfighter.tga size:128x128
Image: .\rep\msh\PS2\rep_1st_cockpit_securitycam.tga size:128x128
Image: .\rep\msh\PS2\rep_1st_inf_clonepilot_arms.tga size:256x256
Image: .\rep\msh\PS2\rep_1st_inf_clonetrooper_arms.tga size:256x256
Image: .\rep\msh\PS2\rep_1st_inf_clonetrooper_hands.tga size:256x256
Image: .\rep\msh\PS2\rep_1st_inf_jettrooper_arms.tga size:256x256
Image: .\rep\msh\PS2\rep_1st_inf_sharpshooter_arms.tga size:256x256
Image: .\rep\msh\PS2\rep_1st_weap_inf_fusioncutter.tga size:64x32
Image: .\rep\msh\PS2\rep_1st_weap_inf_launcher.tga size:128x128
Image: .\rep\msh\PS2\rep_1st_weap_inf_pistol.tga size:64x32
Image: .\rep\msh\PS2\rep_1st_weap_inf_rifle.tga size:64x32
Image: .\rep\msh\PS2\rep_1st_weap_inf_sniperrifle.tga size:32x16
Image: .\rep\msh\PS2\rep_fly_fighter.tga size:256x256
Image: .\rep\msh\PS2\rep_hover_fightertank.tga size:256x256
Image: .\rep\msh\PS2\rep_hover_gian_speeder.tga size:128x128
Image: .\rep\msh\PS2\rep_hover_speederbike.tga size:128x128
Image: .\rep\msh\PS2\rep_inf_arc_blue.tga size:128x128
Image: .\rep\msh\PS2\rep_inf_clonepilot.tga size:128x128
Image: .\rep\msh\PS2\rep_inf_gunner.tga size:128x128
Image: .\rep\msh\PS2\rep_inf_htrooper.tga size:256x256
Image: .\rep\msh\PS2\rep_inf_medic.tga size:128x128
Image: .\rep\msh\PS2\rep_inf_pilot.tga size:128x128
Image: .\rep\msh\PS2\rep_inf_sharpshooter.tga size:128x128
Image: .\rep\msh\PS2\rep_inf_trooper.tga size:128x128
Image: .\rep\msh\PS2\rep_la_at_balls.tga size:128x256
Image: .\rep\msh\PS2\rep_walk_1_man_ATST.tga size:256x256
Image: .\rep\msh\PS2\rep_walk_sixleg.tga size:256x256
Image: .\rep\msh\XBOX\barc_speeder.tga size:256x256
Image: .\rep\msh\XBOX\imp_cockpit_speederbike.tga size:256x256
Image: .\rep\msh\XBOX\rep_1st_cockpit_atte.tga size:128x128
Image: .\rep\msh\XBOX\rep_1st_cockpit_combatspeeder.tga size:256x256
Image: .\rep\msh\XBOX\rep_1st_cockpit_fightertank.tga size:128x128
Image: .\rep\msh\XBOX\rep_1st_cockpit_gunship.tga size:128x128
Image: .\rep\msh\XBOX\rep_1st_cockpit_jedistarfighter.tga size:128x128
Image: .\rep\msh\XBOX\rep_1st_cockpit_securitycam.tga size:128x128
Image: .\rep\msh\XBOX\rep_1st_inf_clonepilot_arms.tga size:128x128
Image: .\rep\msh\XBOX\rep_1st_inf_clonetrooper_arms.tga size:128x128
Image: .\rep\msh\XBOX\rep_1st_inf_clonetrooper_hands.tga size:64x64
Image: .\rep\msh\XBOX\rep_1st_inf_jettrooper_arms.tga size:128x128
Image: .\rep\msh\XBOX\rep_1st_inf_sharpshooter_arms.tga size:128x128
Image: .\rep\msh\XBOX\rep_1st_weap_inf_fusioncutter.tga size:64x32
Image: .\rep\msh\XBOX\rep_1st_weap_inf_launcher.tga size:128x128
Image: .\rep\msh\XBOX\rep_1st_weap_inf_pistol.tga size:64x32
Image: .\rep\msh\XBOX\rep_1st_weap_inf_rifle.tga size:64x32
Image: .\rep\msh\XBOX\rep_1st_weap_inf_sniperrifle.tga size:32x16
Image: .\rep\msh\XBOX\rep_fly_fighter.tga size:256x256
Image: .\rep\msh\XBOX\rep_hover_fightertank.tga size:256x256
Image: .\rep\msh\XBOX\rep_hover_gian_speeder.tga size:128x128
Image: .\rep\msh\XBOX\rep_hover_speederbike.tga size:128x128
Image: .\rep\msh\XBOX\rep_inf_arc_blue.tga size:128x128
Image: .\rep\msh\XBOX\rep_inf_clonepilot.tga size:128x128
Image: .\rep\msh\XBOX\rep_inf_gunner.tga size:128x128
Image: .\rep\msh\XBOX\rep_inf_htrooper.tga size:256x256
Image: .\rep\msh\XBOX\rep_inf_medic.tga size:128x128
Image: .\rep\msh\XBOX\rep_inf_pilot.tga size:128x128
Image: .\rep\msh\XBOX\rep_inf_sharpshooter.tga size:128x128
Image: .\rep\msh\XBOX\rep_inf_trooper.tga size:128x128
Image: .\rep\msh\XBOX\rep_la_at_balls.tga size:128x256
Image: .\rep\msh\XBOX\rep_walk_1_man_ATST.tga size:256x256
Image: .\rep\msh\XBOX\rep_walk_sixleg.tga size:256x256
